{"level":"INFO","message":"[1:31:08.245 PM]: Creating new connection object"}
{"level":"INFO","message":"[1:31:08.279 PM]: Creating Connection[id: 445d0fea-b2c3-4052-ba5f-df088fc02a56] with host: APYYHYM-HO89533.snowflakecomputing.com, account: APYYHYM-HO89533, accessUrl: https://APYYHYM-HO89533.snowflakecomputing.com, user: gauteandreas, role: undefined, database: ulstein_weather_dashboard, schema: public, warehouse: COMPUTE_WH, proxy was not configured, password is provided, region: undefined, authenticator: SNOWFLAKE, ocsp mode: FAIL_OPEN, os: win32, os version: 10.0.22631"}
{"level":"INFO","message":"[1:31:08.282 PM]: Connection[id: 445d0fea-b2c3-4052-ba5f-df088fc02a56] additional details: passcode in password is provided, passcode is not provided, private key is not provided, application: undefined, client name: snowflake-sdk, client version: 2.0.3, retry timeout: 300, private key path: undefined, private key pass is not provided, client store temporary credential: false, browser response timeout: 120000"}
{"level":"INFO","message":"[1:31:08.284 PM]: Connection[id: 445d0fea-b2c3-4052-ba5f-df088fc02a56] - connection object created successfully."}
{"level":"INFO","message":"[1:31:08.286 PM]: Connection[id: 445d0fea-b2c3-4052-ba5f-df088fc02a56] - connecting. Associated Snowflake domain: GLOBAL"}
{"level":"INFO","message":"[1:31:08.288 PM]: Connection[id: 445d0fea-b2c3-4052-ba5f-df088fc02a56] - authentication successful using: SNOWFLAKE"}
{"level":"INFO","message":"[1:31:08.290 PM]: Trying to initialize Easy Logging"}
{"level":"INFO","message":"[1:31:08.315 PM]: No client config detected."}
{"level":"INFO","message":"[1:31:08.326 PM]: No config file path found. Client config will not be used."}
{"level":"INFO","message":"[1:31:08.328 PM]: Easy Logging is disabled as no config has been found"}
{"level":"INFO","message":"[1:31:08.348 PM]: Connection[id: 445d0fea-b2c3-4052-ba5f-df088fc02a56] - connected successfully after 62.67580000000453 milliseconds"}
{"level":"INFO","message":"[1:31:36.948 PM]: Creating new connection object"}
{"level":"INFO","message":"[1:31:36.950 PM]: Creating Connection[id: 223919b9-d002-4059-a1e2-1f326b7596c1] with host: APYYHYM-HO89533.snowflakecomputing.com, account: APYYHYM-HO89533, accessUrl: https://APYYHYM-HO89533.snowflakecomputing.com, user: gauteandreas, role: undefined, database: ulstein_weather_dashboard, schema: public, warehouse: COMPUTE_WH, proxy was not configured, password is provided, region: undefined, authenticator: SNOWFLAKE, ocsp mode: FAIL_OPEN, os: win32, os version: 10.0.22631"}
{"level":"INFO","message":"[1:31:36.951 PM]: Connection[id: 223919b9-d002-4059-a1e2-1f326b7596c1] additional details: passcode in password is provided, passcode is not provided, private key is not provided, application: undefined, client name: snowflake-sdk, client version: 2.0.3, retry timeout: 300, private key path: undefined, private key pass is not provided, client store temporary credential: false, browser response timeout: 120000"}
{"level":"INFO","message":"[1:31:36.952 PM]: Connection[id: 223919b9-d002-4059-a1e2-1f326b7596c1] - connection object created successfully."}
{"level":"INFO","message":"[1:31:36.952 PM]: Connection[id: 223919b9-d002-4059-a1e2-1f326b7596c1] - connecting. Associated Snowflake domain: GLOBAL"}
{"level":"INFO","message":"[1:31:36.953 PM]: Connection[id: 223919b9-d002-4059-a1e2-1f326b7596c1] - authentication successful using: SNOWFLAKE"}
{"level":"INFO","message":"[1:31:36.955 PM]: Connection[id: 223919b9-d002-4059-a1e2-1f326b7596c1] - connected successfully after 2.9125000000058208 milliseconds"}
{"level":"INFO","message":"[2:09:16.461 PM]: Creating new connection object"}
{"level":"INFO","message":"[2:09:16.473 PM]: Creating Connection[id: 5c48bbbe-d4af-4108-85ee-84b27f53cb32] with host: APYYHYM-HO89533.snowflakecomputing.com, account: APYYHYM-HO89533, accessUrl: https://APYYHYM-HO89533.snowflakecomputing.com, user: gauteandreas, role: undefined, database: ulstein_weather_dashboard, schema: public, warehouse: COMPUTE_WH, proxy was not configured, password is provided, region: undefined, authenticator: SNOWFLAKE, ocsp mode: FAIL_OPEN, os: win32, os version: 10.0.22631"}
{"level":"INFO","message":"[2:09:16.474 PM]: Connection[id: 5c48bbbe-d4af-4108-85ee-84b27f53cb32] additional details: passcode in password is provided, passcode is not provided, private key is not provided, application: undefined, client name: snowflake-sdk, client version: 2.0.3, retry timeout: 300, private key path: undefined, private key pass is not provided, client store temporary credential: false, browser response timeout: 120000"}
{"level":"INFO","message":"[2:09:16.475 PM]: Connection[id: 5c48bbbe-d4af-4108-85ee-84b27f53cb32] - connection object created successfully."}
{"level":"INFO","message":"[2:09:16.476 PM]: Connection[id: 5c48bbbe-d4af-4108-85ee-84b27f53cb32] - connecting. Associated Snowflake domain: GLOBAL"}
{"level":"INFO","message":"[2:09:16.479 PM]: Connection[id: 5c48bbbe-d4af-4108-85ee-84b27f53cb32] - authentication successful using: SNOWFLAKE"}
{"level":"INFO","message":"[2:09:16.488 PM]: Connection[id: 5c48bbbe-d4af-4108-85ee-84b27f53cb32] - connected successfully after 11.349200000055134 milliseconds"}
{"level":"INFO","message":"[2:10:14.972 PM]: Creating new connection object"}
{"level":"INFO","message":"[2:10:14.997 PM]: Creating Connection[id: 0f762492-e197-4e26-9d98-13eb4aa793b1] with host: APYYHYM-HO89533.snowflakecomputing.com, account: APYYHYM-HO89533, accessUrl: https://APYYHYM-HO89533.snowflakecomputing.com, user: gauteandreas, role: undefined, database: ulstein_weather_dashboard, schema: public, warehouse: COMPUTE_WH, proxy was not configured, password is provided, region: undefined, authenticator: SNOWFLAKE, ocsp mode: FAIL_OPEN, os: win32, os version: 10.0.22631"}
{"level":"INFO","message":"[2:10:14.998 PM]: Connection[id: 0f762492-e197-4e26-9d98-13eb4aa793b1] additional details: passcode in password is provided, passcode is not provided, private key is not provided, application: undefined, client name: snowflake-sdk, client version: 2.0.3, retry timeout: 300, private key path: undefined, private key pass is not provided, client store temporary credential: false, browser response timeout: 120000"}
{"level":"INFO","message":"[2:10:14.999 PM]: Connection[id: 0f762492-e197-4e26-9d98-13eb4aa793b1] - connection object created successfully."}
{"level":"INFO","message":"[2:10:15.000 PM]: Connection[id: 0f762492-e197-4e26-9d98-13eb4aa793b1] - connecting. Associated Snowflake domain: GLOBAL"}
{"level":"INFO","message":"[2:10:15.002 PM]: Connection[id: 0f762492-e197-4e26-9d98-13eb4aa793b1] - authentication successful using: SNOWFLAKE"}
{"level":"INFO","message":"[2:10:15.003 PM]: Trying to initialize Easy Logging"}
{"level":"INFO","message":"[2:10:15.008 PM]: No client config detected."}
{"level":"INFO","message":"[2:10:15.009 PM]: No config file path found. Client config will not be used."}
{"level":"INFO","message":"[2:10:15.011 PM]: Easy Logging is disabled as no config has been found"}
{"level":"INFO","message":"[2:10:15.019 PM]: Connection[id: 0f762492-e197-4e26-9d98-13eb4aa793b1] - connected successfully after 19.22370000000228 milliseconds"}
{"level":"INFO","message":"[2:10:50.933 PM]: Creating new connection object"}
{"level":"INFO","message":"[2:10:50.935 PM]: Creating Connection[id: 4aa810be-58e8-4a4d-9771-e668630cd7e6] with host: APYYHYM-HO89533.snowflakecomputing.com, account: APYYHYM-HO89533, accessUrl: https://APYYHYM-HO89533.snowflakecomputing.com, user: gauteandreas, role: undefined, database: ulstein_weather_dashboard, schema: public, warehouse: COMPUTE_WH, proxy was not configured, password is provided, region: undefined, authenticator: SNOWFLAKE, ocsp mode: FAIL_OPEN, os: win32, os version: 10.0.22631"}
{"level":"INFO","message":"[2:10:50.937 PM]: Connection[id: 4aa810be-58e8-4a4d-9771-e668630cd7e6] additional details: passcode in password is provided, passcode is not provided, private key is not provided, application: undefined, client name: snowflake-sdk, client version: 2.0.3, retry timeout: 300, private key path: undefined, private key pass is not provided, client store temporary credential: false, browser response timeout: 120000"}
{"level":"INFO","message":"[2:10:50.938 PM]: Connection[id: 4aa810be-58e8-4a4d-9771-e668630cd7e6] - connection object created successfully."}
{"level":"INFO","message":"[2:10:50.939 PM]: Connection[id: 4aa810be-58e8-4a4d-9771-e668630cd7e6] - connecting. Associated Snowflake domain: GLOBAL"}
{"level":"INFO","message":"[2:10:50.942 PM]: Connection[id: 4aa810be-58e8-4a4d-9771-e668630cd7e6] - authentication successful using: SNOWFLAKE"}
{"level":"INFO","message":"[2:10:50.944 PM]: Connection[id: 4aa810be-58e8-4a4d-9771-e668630cd7e6] - connected successfully after 5.349799999996321 milliseconds"}
{"level":"INFO","message":"[2:11:19.194 PM]: Creating new connection object"}
{"level":"INFO","message":"[2:11:19.240 PM]: Creating Connection[id: 90a5c3bb-1081-4bd4-8c54-b61389f8604d] with host: APYYHYM-HO89533.snowflakecomputing.com, account: APYYHYM-HO89533, accessUrl: https://APYYHYM-HO89533.snowflakecomputing.com, user: gauteandreas, role: undefined, database: ulstein_weather_dashboard, schema: public, warehouse: COMPUTE_WH, proxy was not configured, password is provided, region: undefined, authenticator: SNOWFLAKE, ocsp mode: FAIL_OPEN, os: win32, os version: 10.0.22631"}
{"level":"INFO","message":"[2:11:19.250 PM]: Connection[id: 90a5c3bb-1081-4bd4-8c54-b61389f8604d] additional details: passcode in password is provided, passcode is not provided, private key is not provided, application: undefined, client name: snowflake-sdk, client version: 2.0.3, retry timeout: 300, private key path: undefined, private key pass is not provided, client store temporary credential: false, browser response timeout: 120000"}
{"level":"INFO","message":"[2:11:19.251 PM]: Connection[id: 90a5c3bb-1081-4bd4-8c54-b61389f8604d] - connection object created successfully."}
{"level":"INFO","message":"[2:11:19.253 PM]: Connection[id: 90a5c3bb-1081-4bd4-8c54-b61389f8604d] - connecting. Associated Snowflake domain: GLOBAL"}
{"level":"INFO","message":"[2:11:19.261 PM]: Connection[id: 90a5c3bb-1081-4bd4-8c54-b61389f8604d] - authentication successful using: SNOWFLAKE"}
{"level":"INFO","message":"[2:11:19.276 PM]: Connection[id: 90a5c3bb-1081-4bd4-8c54-b61389f8604d] - connected successfully after 23.74560000000929 milliseconds"}
{"level":"INFO","message":"[1:13:43.356 PM]: Creating new connection object"}
{"level":"INFO","message":"[1:13:43.467 PM]: Creating Connection[id: f27e9b90-7b1a-41a3-9373-18b5090e7a52] with host: APYYHYM-HO89533.snowflakecomputing.com, account: APYYHYM-HO89533, accessUrl: https://APYYHYM-HO89533.snowflakecomputing.com, user: gauteandreas, role: undefined, database: ulstein_weather_dashboard, schema: public, warehouse: COMPUTE_WH, proxy was not configured, password is provided, region: undefined, authenticator: SNOWFLAKE, ocsp mode: FAIL_OPEN, os: win32, os version: 10.0.22631"}
{"level":"INFO","message":"[1:13:43.469 PM]: Connection[id: f27e9b90-7b1a-41a3-9373-18b5090e7a52] additional details: passcode in password is provided, passcode is not provided, private key is not provided, application: undefined, client name: snowflake-sdk, client version: 2.0.3, retry timeout: 300, private key path: undefined, private key pass is not provided, client store temporary credential: false, browser response timeout: 120000"}
{"level":"INFO","message":"[1:13:43.479 PM]: Connection[id: f27e9b90-7b1a-41a3-9373-18b5090e7a52] - connection object created successfully."}
{"level":"INFO","message":"[1:13:43.481 PM]: Connection[id: f27e9b90-7b1a-41a3-9373-18b5090e7a52] - connecting. Associated Snowflake domain: GLOBAL"}
{"level":"INFO","message":"[1:13:43.483 PM]: Connection[id: f27e9b90-7b1a-41a3-9373-18b5090e7a52] - authentication successful using: SNOWFLAKE"}
{"level":"INFO","message":"[1:13:43.488 PM]: Trying to initialize Easy Logging"}
{"level":"INFO","message":"[1:13:43.496 PM]: No client config detected."}
{"level":"INFO","message":"[1:13:43.497 PM]: No config file path found. Client config will not be used."}
{"level":"INFO","message":"[1:13:43.499 PM]: Easy Logging is disabled as no config has been found"}
{"level":"INFO","message":"[1:13:43.511 PM]: Connection[id: f27e9b90-7b1a-41a3-9373-18b5090e7a52] - connected successfully after 29.8798999999417 milliseconds"}
{"level":"INFO","message":"[1:14:09.889 PM]: Creating new connection object"}
{"level":"INFO","message":"[1:14:09.890 PM]: Creating Connection[id: fccdf836-46b9-47f0-86ff-dd470b60fc2e] with host: APYYHYM-HO89533.snowflakecomputing.com, account: APYYHYM-HO89533, accessUrl: https://APYYHYM-HO89533.snowflakecomputing.com, user: gauteandreas, role: undefined, database: ulstein_weather_dashboard, schema: public, warehouse: COMPUTE_WH, proxy was not configured, password is provided, region: undefined, authenticator: SNOWFLAKE, ocsp mode: FAIL_OPEN, os: win32, os version: 10.0.22631"}
{"level":"INFO","message":"[1:14:09.891 PM]: Connection[id: fccdf836-46b9-47f0-86ff-dd470b60fc2e] additional details: passcode in password is provided, passcode is not provided, private key is not provided, application: undefined, client name: snowflake-sdk, client version: 2.0.3, retry timeout: 300, private key path: undefined, private key pass is not provided, client store temporary credential: false, browser response timeout: 120000"}
{"level":"INFO","message":"[1:14:09.892 PM]: Connection[id: fccdf836-46b9-47f0-86ff-dd470b60fc2e] - connection object created successfully."}
{"level":"INFO","message":"[1:14:09.892 PM]: Connection[id: fccdf836-46b9-47f0-86ff-dd470b60fc2e] - connecting. Associated Snowflake domain: GLOBAL"}
{"level":"INFO","message":"[1:14:09.893 PM]: Connection[id: fccdf836-46b9-47f0-86ff-dd470b60fc2e] - authentication successful using: SNOWFLAKE"}
{"level":"INFO","message":"[1:14:09.895 PM]: Connection[id: fccdf836-46b9-47f0-86ff-dd470b60fc2e] - connected successfully after 3.026300000026822 milliseconds"}
{"level":"INFO","message":"[1:14:40.493 PM]: Creating new connection object"}
{"level":"INFO","message":"[1:14:40.494 PM]: Creating Connection[id: fb19f1cf-2229-49d4-85f5-a0aa4ca2d445] with host: APYYHYM-HO89533.snowflakecomputing.com, account: APYYHYM-HO89533, accessUrl: https://APYYHYM-HO89533.snowflakecomputing.com, user: gauteandreas, role: undefined, database: ulstein_weather_dashboard, schema: public, warehouse: COMPUTE_WH, proxy was not configured, password is provided, region: undefined, authenticator: SNOWFLAKE, ocsp mode: FAIL_OPEN, os: win32, os version: 10.0.22631"}
{"level":"INFO","message":"[1:14:40.495 PM]: Connection[id: fb19f1cf-2229-49d4-85f5-a0aa4ca2d445] additional details: passcode in password is provided, passcode is not provided, private key is not provided, application: undefined, client name: snowflake-sdk, client version: 2.0.3, retry timeout: 300, private key path: undefined, private key pass is not provided, client store temporary credential: false, browser response timeout: 120000"}
{"level":"INFO","message":"[1:14:40.496 PM]: Connection[id: fb19f1cf-2229-49d4-85f5-a0aa4ca2d445] - connection object created successfully."}
{"level":"INFO","message":"[1:14:40.497 PM]: Connection[id: fb19f1cf-2229-49d4-85f5-a0aa4ca2d445] - connecting. Associated Snowflake domain: GLOBAL"}
{"level":"INFO","message":"[1:14:40.500 PM]: Connection[id: fb19f1cf-2229-49d4-85f5-a0aa4ca2d445] - authentication successful using: SNOWFLAKE"}
{"level":"INFO","message":"[1:14:40.503 PM]: Connection[id: fb19f1cf-2229-49d4-85f5-a0aa4ca2d445] - connected successfully after 6.613499999977648 milliseconds"}
{"level":"INFO","message":"[1:19:25.976 PM]: Creating new connection object"}
{"level":"INFO","message":"[1:19:25.977 PM]: Creating Connection[id: 31eca90c-bc20-4190-b76f-690f5a89612f] with host: APYYHYM-HO89533.snowflakecomputing.com, account: APYYHYM-HO89533, accessUrl: https://APYYHYM-HO89533.snowflakecomputing.com, user: gauteandreas, role: undefined, database: ulstein_weather_dashboard, schema: public, warehouse: COMPUTE_WH, proxy was not configured, password is provided, region: undefined, authenticator: SNOWFLAKE, ocsp mode: FAIL_OPEN, os: win32, os version: 10.0.22631"}
{"level":"INFO","message":"[1:19:25.977 PM]: Connection[id: 31eca90c-bc20-4190-b76f-690f5a89612f] additional details: passcode in password is provided, passcode is not provided, private key is not provided, application: undefined, client name: snowflake-sdk, client version: 2.0.3, retry timeout: 300, private key path: undefined, private key pass is not provided, client store temporary credential: false, browser response timeout: 120000"}
{"level":"INFO","message":"[1:19:25.978 PM]: Connection[id: 31eca90c-bc20-4190-b76f-690f5a89612f] - connection object created successfully."}
{"level":"INFO","message":"[1:19:25.978 PM]: Connection[id: 31eca90c-bc20-4190-b76f-690f5a89612f] - connecting. Associated Snowflake domain: GLOBAL"}
{"level":"INFO","message":"[1:19:25.979 PM]: Connection[id: 31eca90c-bc20-4190-b76f-690f5a89612f] - authentication successful using: SNOWFLAKE"}
{"level":"INFO","message":"[1:19:25.980 PM]: Connection[id: 31eca90c-bc20-4190-b76f-690f5a89612f] - connected successfully after 2.0119999998714775 milliseconds"}
{"level":"INFO","message":"[1:42:49.770 PM]: Creating new connection object"}
{"level":"INFO","message":"[1:42:49.787 PM]: Creating Connection[id: ec2f9653-7975-4a26-aa18-a4e64b01b2b8] with host: APYYHYM-HO89533.snowflakecomputing.com, account: APYYHYM-HO89533, accessUrl: https://APYYHYM-HO89533.snowflakecomputing.com, user: gauteandreas, role: undefined, database: ulstein_weather_dashboard, schema: public, warehouse: COMPUTE_WH, proxy was not configured, password is provided, region: undefined, authenticator: SNOWFLAKE, ocsp mode: FAIL_OPEN, os: win32, os version: 10.0.22631"}
{"level":"INFO","message":"[1:42:49.789 PM]: Connection[id: ec2f9653-7975-4a26-aa18-a4e64b01b2b8] additional details: passcode in password is provided, passcode is not provided, private key is not provided, application: undefined, client name: snowflake-sdk, client version: 2.0.3, retry timeout: 300, private key path: undefined, private key pass is not provided, client store temporary credential: false, browser response timeout: 120000"}
{"level":"INFO","message":"[1:42:49.790 PM]: Connection[id: ec2f9653-7975-4a26-aa18-a4e64b01b2b8] - connection object created successfully."}
{"level":"INFO","message":"[1:42:49.790 PM]: Connection[id: ec2f9653-7975-4a26-aa18-a4e64b01b2b8] - connecting. Associated Snowflake domain: GLOBAL"}
{"level":"INFO","message":"[1:42:49.792 PM]: Connection[id: ec2f9653-7975-4a26-aa18-a4e64b01b2b8] - authentication successful using: SNOWFLAKE"}
{"level":"INFO","message":"[1:42:49.798 PM]: Connection[id: ec2f9653-7975-4a26-aa18-a4e64b01b2b8] - connected successfully after 7.250200000125915 milliseconds"}
{"level":"INFO","message":"[1:43:47.617 PM]: Creating new connection object"}
{"level":"INFO","message":"[1:43:47.618 PM]: Creating Connection[id: edcc3000-8a2f-401c-882e-c16887f9b0d9] with host: APYYHYM-HO89533.snowflakecomputing.com, account: APYYHYM-HO89533, accessUrl: https://APYYHYM-HO89533.snowflakecomputing.com, user: gauteandreas, role: undefined, database: ulstein_weather_dashboard, schema: public, warehouse: COMPUTE_WH, proxy was not configured, password is provided, region: undefined, authenticator: SNOWFLAKE, ocsp mode: FAIL_OPEN, os: win32, os version: 10.0.22631"}
{"level":"INFO","message":"[1:43:47.619 PM]: Connection[id: edcc3000-8a2f-401c-882e-c16887f9b0d9] additional details: passcode in password is provided, passcode is not provided, private key is not provided, application: undefined, client name: snowflake-sdk, client version: 2.0.3, retry timeout: 300, private key path: undefined, private key pass is not provided, client store temporary credential: false, browser response timeout: 120000"}
{"level":"INFO","message":"[1:43:47.620 PM]: Connection[id: edcc3000-8a2f-401c-882e-c16887f9b0d9] - connection object created successfully."}
{"level":"INFO","message":"[1:43:47.620 PM]: Connection[id: edcc3000-8a2f-401c-882e-c16887f9b0d9] - connecting. Associated Snowflake domain: GLOBAL"}
{"level":"INFO","message":"[1:43:47.620 PM]: Connection[id: edcc3000-8a2f-401c-882e-c16887f9b0d9] - authentication successful using: SNOWFLAKE"}
{"level":"INFO","message":"[1:43:47.622 PM]: Connection[id: edcc3000-8a2f-401c-882e-c16887f9b0d9] - connected successfully after 2.174600000027567 milliseconds"}
{"level":"INFO","message":"[1:45:10.754 PM]: Creating new connection object"}
{"level":"INFO","message":"[1:45:10.755 PM]: Creating Connection[id: 7cccd034-3d13-4c28-afba-d802460cb6e4] with host: APYYHYM-HO89533.snowflakecomputing.com, account: APYYHYM-HO89533, accessUrl: https://APYYHYM-HO89533.snowflakecomputing.com, user: gauteandreas, role: undefined, database: ulstein_weather_dashboard, schema: public, warehouse: COMPUTE_WH, proxy was not configured, password is provided, region: undefined, authenticator: SNOWFLAKE, ocsp mode: FAIL_OPEN, os: win32, os version: 10.0.22631"}
{"level":"INFO","message":"[1:45:10.755 PM]: Connection[id: 7cccd034-3d13-4c28-afba-d802460cb6e4] additional details: passcode in password is provided, passcode is not provided, private key is not provided, application: undefined, client name: snowflake-sdk, client version: 2.0.3, retry timeout: 300, private key path: undefined, private key pass is not provided, client store temporary credential: false, browser response timeout: 120000"}
{"level":"INFO","message":"[1:45:10.756 PM]: Connection[id: 7cccd034-3d13-4c28-afba-d802460cb6e4] - connection object created successfully."}
{"level":"INFO","message":"[1:45:10.757 PM]: Connection[id: 7cccd034-3d13-4c28-afba-d802460cb6e4] - connecting. Associated Snowflake domain: GLOBAL"}
{"level":"INFO","message":"[1:45:10.757 PM]: Connection[id: 7cccd034-3d13-4c28-afba-d802460cb6e4] - authentication successful using: SNOWFLAKE"}
{"level":"INFO","message":"[1:45:10.759 PM]: Connection[id: 7cccd034-3d13-4c28-afba-d802460cb6e4] - connected successfully after 2.3902000002563 milliseconds"}
{"level":"INFO","message":"[1:45:16.686 PM]: Creating new connection object"}
{"level":"INFO","message":"[1:45:16.687 PM]: Creating Connection[id: a2d20163-9dd4-405a-8864-e0df2af7b748] with host: APYYHYM-HO89533.snowflakecomputing.com, account: APYYHYM-HO89533, accessUrl: https://APYYHYM-HO89533.snowflakecomputing.com, user: gauteandreas, role: undefined, database: ulstein_weather_dashboard, schema: public, warehouse: COMPUTE_WH, proxy was not configured, password is provided, region: undefined, authenticator: SNOWFLAKE, ocsp mode: FAIL_OPEN, os: win32, os version: 10.0.22631"}
{"level":"INFO","message":"[1:45:16.688 PM]: Connection[id: a2d20163-9dd4-405a-8864-e0df2af7b748] additional details: passcode in password is provided, passcode is not provided, private key is not provided, application: undefined, client name: snowflake-sdk, client version: 2.0.3, retry timeout: 300, private key path: undefined, private key pass is not provided, client store temporary credential: false, browser response timeout: 120000"}
{"level":"INFO","message":"[1:45:16.689 PM]: Connection[id: a2d20163-9dd4-405a-8864-e0df2af7b748] - connection object created successfully."}
{"level":"INFO","message":"[1:45:16.689 PM]: Connection[id: a2d20163-9dd4-405a-8864-e0df2af7b748] - connecting. Associated Snowflake domain: GLOBAL"}
{"level":"INFO","message":"[1:45:16.690 PM]: Connection[id: a2d20163-9dd4-405a-8864-e0df2af7b748] - authentication successful using: SNOWFLAKE"}
{"level":"INFO","message":"[1:45:16.691 PM]: Connection[id: a2d20163-9dd4-405a-8864-e0df2af7b748] - connected successfully after 2.0921000000089407 milliseconds"}
{"level":"INFO","message":"[1:45:21.985 PM]: Creating new connection object"}
{"level":"INFO","message":"[1:45:21.986 PM]: Creating Connection[id: 053bfcf8-d774-4315-aef6-926bfd18b8ed] with host: APYYHYM-HO89533.snowflakecomputing.com, account: APYYHYM-HO89533, accessUrl: https://APYYHYM-HO89533.snowflakecomputing.com, user: gauteandreas, role: undefined, database: ulstein_weather_dashboard, schema: public, warehouse: COMPUTE_WH, proxy was not configured, password is provided, region: undefined, authenticator: SNOWFLAKE, ocsp mode: FAIL_OPEN, os: win32, os version: 10.0.22631"}
{"level":"INFO","message":"[1:45:21.987 PM]: Connection[id: 053bfcf8-d774-4315-aef6-926bfd18b8ed] additional details: passcode in password is provided, passcode is not provided, private key is not provided, application: undefined, client name: snowflake-sdk, client version: 2.0.3, retry timeout: 300, private key path: undefined, private key pass is not provided, client store temporary credential: false, browser response timeout: 120000"}
{"level":"INFO","message":"[1:45:21.988 PM]: Connection[id: 053bfcf8-d774-4315-aef6-926bfd18b8ed] - connection object created successfully."}
{"level":"INFO","message":"[1:45:21.988 PM]: Connection[id: 053bfcf8-d774-4315-aef6-926bfd18b8ed] - connecting. Associated Snowflake domain: GLOBAL"}
{"level":"INFO","message":"[1:45:21.988 PM]: Connection[id: 053bfcf8-d774-4315-aef6-926bfd18b8ed] - authentication successful using: SNOWFLAKE"}
{"level":"INFO","message":"[1:45:21.990 PM]: Connection[id: 053bfcf8-d774-4315-aef6-926bfd18b8ed] - connected successfully after 1.938400000333786 milliseconds"}
{"level":"INFO","message":"[2:33:12.205 PM]: Creating new connection object"}
{"level":"INFO","message":"[2:33:12.214 PM]: Creating Connection[id: 3c45210f-ba00-48d7-ac0b-ec7fb90296b5] with host: APYYHYM-HO89533.snowflakecomputing.com, account: APYYHYM-HO89533, accessUrl: https://APYYHYM-HO89533.snowflakecomputing.com, user: gauteandreas, role: undefined, database: ulstein_weather_dashboard, schema: public, warehouse: COMPUTE_WH, proxy was not configured, password is provided, region: undefined, authenticator: SNOWFLAKE, ocsp mode: FAIL_OPEN, os: win32, os version: 10.0.22631"}
{"level":"INFO","message":"[2:33:12.215 PM]: Connection[id: 3c45210f-ba00-48d7-ac0b-ec7fb90296b5] additional details: passcode in password is provided, passcode is not provided, private key is not provided, application: undefined, client name: snowflake-sdk, client version: 2.0.3, retry timeout: 300, private key path: undefined, private key pass is not provided, client store temporary credential: false, browser response timeout: 120000"}
{"level":"INFO","message":"[2:33:12.217 PM]: Connection[id: 3c45210f-ba00-48d7-ac0b-ec7fb90296b5] - connection object created successfully."}
{"level":"INFO","message":"[2:33:12.217 PM]: Connection[id: 3c45210f-ba00-48d7-ac0b-ec7fb90296b5] - connecting. Associated Snowflake domain: GLOBAL"}
{"level":"INFO","message":"[2:33:12.218 PM]: Connection[id: 3c45210f-ba00-48d7-ac0b-ec7fb90296b5] - authentication successful using: SNOWFLAKE"}
{"level":"INFO","message":"[2:33:12.224 PM]: Connection[id: 3c45210f-ba00-48d7-ac0b-ec7fb90296b5] - connected successfully after 6.693200000561774 milliseconds"}
{"level":"INFO","message":"[3:21:04.116 PM]: Creating new connection object"}
{"level":"INFO","message":"[3:21:04.118 PM]: Creating Connection[id: 978b30db-9fe8-4a7d-8fa7-ac642ddfbc0f] with host: APYYHYM-HO89533.snowflakecomputing.com, account: APYYHYM-HO89533, accessUrl: https://APYYHYM-HO89533.snowflakecomputing.com, user: gauteandreas, role: undefined, database: ulstein_weather_dashboard, schema: public, warehouse: COMPUTE_WH, proxy was not configured, password is provided, region: undefined, authenticator: SNOWFLAKE, ocsp mode: FAIL_OPEN, os: win32, os version: 10.0.22631"}
{"level":"INFO","message":"[3:21:04.119 PM]: Connection[id: 978b30db-9fe8-4a7d-8fa7-ac642ddfbc0f] additional details: passcode in password is provided, passcode is not provided, private key is not provided, application: undefined, client name: snowflake-sdk, client version: 2.0.3, retry timeout: 300, private key path: undefined, private key pass is not provided, client store temporary credential: false, browser response timeout: 120000"}
{"level":"INFO","message":"[3:21:04.119 PM]: Connection[id: 978b30db-9fe8-4a7d-8fa7-ac642ddfbc0f] - connection object created successfully."}
{"level":"INFO","message":"[3:21:04.120 PM]: Connection[id: 978b30db-9fe8-4a7d-8fa7-ac642ddfbc0f] - connecting. Associated Snowflake domain: GLOBAL"}
{"level":"INFO","message":"[3:21:04.120 PM]: Connection[id: 978b30db-9fe8-4a7d-8fa7-ac642ddfbc0f] - authentication successful using: SNOWFLAKE"}
{"level":"INFO","message":"[3:21:04.122 PM]: Connection[id: 978b30db-9fe8-4a7d-8fa7-ac642ddfbc0f] - connected successfully after 2.0131000000983477 milliseconds"}
{"level":"INFO","message":"[3:21:05.316 PM]: Creating new connection object"}
{"level":"INFO","message":"[3:21:05.317 PM]: Creating Connection[id: 545a6a1a-3c2e-45ab-a873-20608dbb697d] with host: APYYHYM-HO89533.snowflakecomputing.com, account: APYYHYM-HO89533, accessUrl: https://APYYHYM-HO89533.snowflakecomputing.com, user: gauteandreas, role: undefined, database: ulstein_weather_dashboard, schema: public, warehouse: COMPUTE_WH, proxy was not configured, password is provided, region: undefined, authenticator: SNOWFLAKE, ocsp mode: FAIL_OPEN, os: win32, os version: 10.0.22631"}
{"level":"INFO","message":"[3:21:05.318 PM]: Connection[id: 545a6a1a-3c2e-45ab-a873-20608dbb697d] additional details: passcode in password is provided, passcode is not provided, private key is not provided, application: undefined, client name: snowflake-sdk, client version: 2.0.3, retry timeout: 300, private key path: undefined, private key pass is not provided, client store temporary credential: false, browser response timeout: 120000"}
{"level":"INFO","message":"[3:21:05.318 PM]: Connection[id: 545a6a1a-3c2e-45ab-a873-20608dbb697d] - connection object created successfully."}
{"level":"INFO","message":"[3:21:05.319 PM]: Connection[id: 545a6a1a-3c2e-45ab-a873-20608dbb697d] - connecting. Associated Snowflake domain: GLOBAL"}
{"level":"INFO","message":"[3:21:05.320 PM]: Connection[id: 545a6a1a-3c2e-45ab-a873-20608dbb697d] - authentication successful using: SNOWFLAKE"}
{"level":"INFO","message":"[3:21:05.322 PM]: Connection[id: 545a6a1a-3c2e-45ab-a873-20608dbb697d] - connected successfully after 2.796000000089407 milliseconds"}
{"level":"INFO","message":"[3:21:12.449 PM]: Creating new connection object"}
{"level":"INFO","message":"[3:21:12.453 PM]: Creating Connection[id: 90e2016c-8fb6-4d76-80cb-7df56709f1a9] with host: APYYHYM-HO89533.snowflakecomputing.com, account: APYYHYM-HO89533, accessUrl: https://APYYHYM-HO89533.snowflakecomputing.com, user: gauteandreas, role: undefined, database: ulstein_weather_dashboard, schema: public, warehouse: COMPUTE_WH, proxy was not configured, password is provided, region: undefined, authenticator: SNOWFLAKE, ocsp mode: FAIL_OPEN, os: win32, os version: 10.0.22631"}
{"level":"INFO","message":"[3:21:12.453 PM]: Connection[id: 90e2016c-8fb6-4d76-80cb-7df56709f1a9] additional details: passcode in password is provided, passcode is not provided, private key is not provided, application: undefined, client name: snowflake-sdk, client version: 2.0.3, retry timeout: 300, private key path: undefined, private key pass is not provided, client store temporary credential: false, browser response timeout: 120000"}
{"level":"INFO","message":"[3:21:12.454 PM]: Connection[id: 90e2016c-8fb6-4d76-80cb-7df56709f1a9] - connection object created successfully."}
{"level":"INFO","message":"[3:21:12.455 PM]: Connection[id: 90e2016c-8fb6-4d76-80cb-7df56709f1a9] - connecting. Associated Snowflake domain: GLOBAL"}
{"level":"INFO","message":"[3:21:12.456 PM]: Connection[id: 90e2016c-8fb6-4d76-80cb-7df56709f1a9] - authentication successful using: SNOWFLAKE"}
{"level":"INFO","message":"[3:21:12.459 PM]: Connection[id: 90e2016c-8fb6-4d76-80cb-7df56709f1a9] - connected successfully after 3.7016000002622604 milliseconds"}
{"level":"INFO","message":"[3:21:13.261 PM]: Creating new connection object"}
{"level":"INFO","message":"[3:21:13.263 PM]: Creating Connection[id: 4f561163-1c5e-43b1-84e3-44b89bf9617c] with host: APYYHYM-HO89533.snowflakecomputing.com, account: APYYHYM-HO89533, accessUrl: https://APYYHYM-HO89533.snowflakecomputing.com, user: gauteandreas, role: undefined, database: ulstein_weather_dashboard, schema: public, warehouse: COMPUTE_WH, proxy was not configured, password is provided, region: undefined, authenticator: SNOWFLAKE, ocsp mode: FAIL_OPEN, os: win32, os version: 10.0.22631"}
{"level":"INFO","message":"[3:21:13.264 PM]: Connection[id: 4f561163-1c5e-43b1-84e3-44b89bf9617c] additional details: passcode in password is provided, passcode is not provided, private key is not provided, application: undefined, client name: snowflake-sdk, client version: 2.0.3, retry timeout: 300, private key path: undefined, private key pass is not provided, client store temporary credential: false, browser response timeout: 120000"}
{"level":"INFO","message":"[3:21:13.264 PM]: Connection[id: 4f561163-1c5e-43b1-84e3-44b89bf9617c] - connection object created successfully."}
{"level":"INFO","message":"[3:21:13.265 PM]: Connection[id: 4f561163-1c5e-43b1-84e3-44b89bf9617c] - connecting. Associated Snowflake domain: GLOBAL"}
{"level":"INFO","message":"[3:21:13.266 PM]: Connection[id: 4f561163-1c5e-43b1-84e3-44b89bf9617c] - authentication successful using: SNOWFLAKE"}
{"level":"INFO","message":"[3:21:13.268 PM]: Connection[id: 4f561163-1c5e-43b1-84e3-44b89bf9617c] - connected successfully after 3.000900000333786 milliseconds"}
{"level":"INFO","message":"[3:22:19.523 PM]: Creating new connection object"}
{"level":"INFO","message":"[3:22:19.550 PM]: Creating Connection[id: a49d4060-ba59-48a2-8c04-185f2e756426] with host: APYYHYM-HO89533.snowflakecomputing.com, account: APYYHYM-HO89533, accessUrl: https://APYYHYM-HO89533.snowflakecomputing.com, user: gauteandreas, role: undefined, database: ulstein_weather_dashboard, schema: public, warehouse: COMPUTE_WH, proxy was not configured, password is provided, region: undefined, authenticator: SNOWFLAKE, ocsp mode: FAIL_OPEN, os: win32, os version: 10.0.22631"}
{"level":"INFO","message":"[3:22:19.551 PM]: Connection[id: a49d4060-ba59-48a2-8c04-185f2e756426] additional details: passcode in password is provided, passcode is not provided, private key is not provided, application: undefined, client name: snowflake-sdk, client version: 2.0.3, retry timeout: 300, private key path: undefined, private key pass is not provided, client store temporary credential: false, browser response timeout: 120000"}
{"level":"INFO","message":"[3:22:19.553 PM]: Connection[id: a49d4060-ba59-48a2-8c04-185f2e756426] - connection object created successfully."}
{"level":"INFO","message":"[3:22:19.555 PM]: Connection[id: a49d4060-ba59-48a2-8c04-185f2e756426] - connecting. Associated Snowflake domain: GLOBAL"}
{"level":"INFO","message":"[3:22:19.557 PM]: Connection[id: a49d4060-ba59-48a2-8c04-185f2e756426] - authentication successful using: SNOWFLAKE"}
{"level":"INFO","message":"[3:22:19.558 PM]: Trying to initialize Easy Logging"}
{"level":"INFO","message":"[3:22:19.567 PM]: No client config detected."}
{"level":"INFO","message":"[3:22:19.567 PM]: No config file path found. Client config will not be used."}
{"level":"INFO","message":"[3:22:19.569 PM]: Easy Logging is disabled as no config has been found"}
{"level":"INFO","message":"[3:22:19.576 PM]: Connection[id: a49d4060-ba59-48a2-8c04-185f2e756426] - connected successfully after 21.373099999997066 milliseconds"}
{"level":"INFO","message":"[3:22:20.977 PM]: Creating new connection object"}
{"level":"INFO","message":"[3:22:20.978 PM]: Creating Connection[id: 390a0f8e-c6f6-4ba2-8cf6-2b9f1622fd57] with host: APYYHYM-HO89533.snowflakecomputing.com, account: APYYHYM-HO89533, accessUrl: https://APYYHYM-HO89533.snowflakecomputing.com, user: gauteandreas, role: undefined, database: ulstein_weather_dashboard, schema: public, warehouse: COMPUTE_WH, proxy was not configured, password is provided, region: undefined, authenticator: SNOWFLAKE, ocsp mode: FAIL_OPEN, os: win32, os version: 10.0.22631"}
{"level":"INFO","message":"[3:22:20.979 PM]: Connection[id: 390a0f8e-c6f6-4ba2-8cf6-2b9f1622fd57] additional details: passcode in password is provided, passcode is not provided, private key is not provided, application: undefined, client name: snowflake-sdk, client version: 2.0.3, retry timeout: 300, private key path: undefined, private key pass is not provided, client store temporary credential: false, browser response timeout: 120000"}
{"level":"INFO","message":"[3:22:20.980 PM]: Connection[id: 390a0f8e-c6f6-4ba2-8cf6-2b9f1622fd57] - connection object created successfully."}
{"level":"INFO","message":"[3:22:20.981 PM]: Connection[id: 390a0f8e-c6f6-4ba2-8cf6-2b9f1622fd57] - connecting. Associated Snowflake domain: GLOBAL"}
{"level":"INFO","message":"[3:22:20.983 PM]: Connection[id: 390a0f8e-c6f6-4ba2-8cf6-2b9f1622fd57] - authentication successful using: SNOWFLAKE"}
{"level":"INFO","message":"[3:22:20.987 PM]: Connection[id: 390a0f8e-c6f6-4ba2-8cf6-2b9f1622fd57] - connected successfully after 6.281800000000658 milliseconds"}
{"level":"INFO","message":"[3:22:40.624 PM]: Creating new connection object"}
{"level":"INFO","message":"[3:22:40.626 PM]: Creating Connection[id: ff12320f-42af-4cd2-8f2c-9d91f920eede] with host: APYYHYM-HO89533.snowflakecomputing.com, account: APYYHYM-HO89533, accessUrl: https://APYYHYM-HO89533.snowflakecomputing.com, user: gauteandreas, role: undefined, database: ulstein_weather_dashboard, schema: public, warehouse: COMPUTE_WH, proxy was not configured, password is provided, region: undefined, authenticator: SNOWFLAKE, ocsp mode: FAIL_OPEN, os: win32, os version: 10.0.22631"}
{"level":"INFO","message":"[3:22:40.627 PM]: Connection[id: ff12320f-42af-4cd2-8f2c-9d91f920eede] additional details: passcode in password is provided, passcode is not provided, private key is not provided, application: undefined, client name: snowflake-sdk, client version: 2.0.3, retry timeout: 300, private key path: undefined, private key pass is not provided, client store temporary credential: false, browser response timeout: 120000"}
{"level":"INFO","message":"[3:22:40.628 PM]: Connection[id: ff12320f-42af-4cd2-8f2c-9d91f920eede] - connection object created successfully."}
{"level":"INFO","message":"[3:22:40.629 PM]: Connection[id: ff12320f-42af-4cd2-8f2c-9d91f920eede] - connecting. Associated Snowflake domain: GLOBAL"}
{"level":"INFO","message":"[3:22:40.632 PM]: Connection[id: ff12320f-42af-4cd2-8f2c-9d91f920eede] - authentication successful using: SNOWFLAKE"}
{"level":"INFO","message":"[3:22:40.635 PM]: Connection[id: ff12320f-42af-4cd2-8f2c-9d91f920eede] - connected successfully after 6.100099999457598 milliseconds"}
{"level":"INFO","message":"[3:22:49.291 PM]: Creating new connection object"}
{"level":"INFO","message":"[3:22:49.294 PM]: Creating Connection[id: 7493da32-e097-4628-9e6c-8c57187209b4] with host: APYYHYM-HO89533.snowflakecomputing.com, account: APYYHYM-HO89533, accessUrl: https://APYYHYM-HO89533.snowflakecomputing.com, user: gauteandreas, role: undefined, database: ulstein_weather_dashboard, schema: public, warehouse: COMPUTE_WH, proxy was not configured, password is provided, region: undefined, authenticator: SNOWFLAKE, ocsp mode: FAIL_OPEN, os: win32, os version: 10.0.22631"}
{"level":"INFO","message":"[3:22:49.295 PM]: Connection[id: 7493da32-e097-4628-9e6c-8c57187209b4] additional details: passcode in password is provided, passcode is not provided, private key is not provided, application: undefined, client name: snowflake-sdk, client version: 2.0.3, retry timeout: 300, private key path: undefined, private key pass is not provided, client store temporary credential: false, browser response timeout: 120000"}
{"level":"INFO","message":"[3:22:49.295 PM]: Connection[id: 7493da32-e097-4628-9e6c-8c57187209b4] - connection object created successfully."}
{"level":"INFO","message":"[3:22:49.296 PM]: Connection[id: 7493da32-e097-4628-9e6c-8c57187209b4] - connecting. Associated Snowflake domain: GLOBAL"}
{"level":"INFO","message":"[3:22:49.297 PM]: Connection[id: 7493da32-e097-4628-9e6c-8c57187209b4] - authentication successful using: SNOWFLAKE"}
{"level":"INFO","message":"[3:22:49.300 PM]: Connection[id: 7493da32-e097-4628-9e6c-8c57187209b4] - connected successfully after 4.2587000001221895 milliseconds"}
